CRITICAL - 2025-07-27 16:53:52 --> ErrorException: Undefined property: CodeIgniter\HTTP\IncomingRequest::$user
[Method: GET, Route: api/admin/employees]
in APPPATH\Controllers\api\AdminController.php on line 16.
 1 APPPATH\Controllers\api\AdminController.php(16): CodeIgniter\Debug\Exceptions->errorHandler(2, 'Undefined property: CodeIgniter\\HTTP\\IncomingRequest::$user', 'E:\\laragon\\www\\apici\\app\\Controllers\\api\\AdminController.php', 16)
 2 SYSTEMPATH\CodeIgniter.php(933): App\Controllers\api\AdminController->getAllEmployees()
 3 SYSTEMPATH\CodeIgniter.php(507): CodeIgniter\CodeIgniter->runController(Object(App\Controllers\api\AdminController))
 4 SYSTEMPATH\CodeIgniter.php(354): CodeIgniter\CodeIgniter->handleRequest(null, Object(Config\Cache), false)
 5 SYSTEMPATH\Boot.php(334): CodeIgniter\CodeIgniter->run()
 6 SYSTEMPATH\Boot.php(67): CodeIgniter\Boot::runCodeIgniter(Object(CodeIgniter\CodeIgniter))
 7 FCPATH\index.php(59): CodeIgniter\Boot::bootWeb(Object(Config\Paths))
 8 SYSTEMPATH\rewrite.php(44): require_once('E:\\laragon\\www\\apici\\public\\index.php')
CRITICAL - 2025-07-27 16:54:00 --> ErrorException: Undefined property: CodeIgniter\HTTP\IncomingRequest::$user
[Method: GET, Route: api/admin/employees]
in APPPATH\Controllers\api\AdminController.php on line 16.
 1 APPPATH\Controllers\api\AdminController.php(16): CodeIgniter\Debug\Exceptions->errorHandler(2, 'Undefined property: CodeIgniter\\HTTP\\IncomingRequest::$user', 'E:\\laragon\\www\\apici\\app\\Controllers\\api\\AdminController.php', 16)
 2 SYSTEMPATH\CodeIgniter.php(933): App\Controllers\api\AdminController->getAllEmployees()
 3 SYSTEMPATH\CodeIgniter.php(507): CodeIgniter\CodeIgniter->runController(Object(App\Controllers\api\AdminController))
 4 SYSTEMPATH\CodeIgniter.php(354): CodeIgniter\CodeIgniter->handleRequest(null, Object(Config\Cache), false)
 5 SYSTEMPATH\Boot.php(334): CodeIgniter\CodeIgniter->run()
 6 SYSTEMPATH\Boot.php(67): CodeIgniter\Boot::runCodeIgniter(Object(CodeIgniter\CodeIgniter))
 7 FCPATH\index.php(59): CodeIgniter\Boot::bootWeb(Object(Config\Paths))
 8 SYSTEMPATH\rewrite.php(44): require_once('E:\\laragon\\www\\apici\\public\\index.php')
CRITICAL - 2025-07-27 16:54:08 --> ErrorException: Undefined property: CodeIgniter\HTTP\IncomingRequest::$user
[Method: GET, Route: api/admin/employees]
in APPPATH\Controllers\api\AdminController.php on line 16.
 1 APPPATH\Controllers\api\AdminController.php(16): CodeIgniter\Debug\Exceptions->errorHandler(2, 'Undefined property: CodeIgniter\\HTTP\\IncomingRequest::$user', 'E:\\laragon\\www\\apici\\app\\Controllers\\api\\AdminController.php', 16)
 2 SYSTEMPATH\CodeIgniter.php(933): App\Controllers\api\AdminController->getAllEmployees()
 3 SYSTEMPATH\CodeIgniter.php(507): CodeIgniter\CodeIgniter->runController(Object(App\Controllers\api\AdminController))
 4 SYSTEMPATH\CodeIgniter.php(354): CodeIgniter\CodeIgniter->handleRequest(null, Object(Config\Cache), false)
 5 SYSTEMPATH\Boot.php(334): CodeIgniter\CodeIgniter->run()
 6 SYSTEMPATH\Boot.php(67): CodeIgniter\Boot::runCodeIgniter(Object(CodeIgniter\CodeIgniter))
 7 FCPATH\index.php(59): CodeIgniter\Boot::bootWeb(Object(Config\Paths))
 8 SYSTEMPATH\rewrite.php(44): require_once('E:\\laragon\\www\\apici\\public\\index.php')
CRITICAL - 2025-07-27 16:54:14 --> ErrorException: Undefined property: CodeIgniter\HTTP\IncomingRequest::$user
[Method: GET, Route: api/admin/employees]
in APPPATH\Controllers\api\AdminController.php on line 16.
 1 APPPATH\Controllers\api\AdminController.php(16): CodeIgniter\Debug\Exceptions->errorHandler(2, 'Undefined property: CodeIgniter\\HTTP\\IncomingRequest::$user', 'E:\\laragon\\www\\apici\\app\\Controllers\\api\\AdminController.php', 16)
 2 SYSTEMPATH\CodeIgniter.php(933): App\Controllers\api\AdminController->getAllEmployees()
 3 SYSTEMPATH\CodeIgniter.php(507): CodeIgniter\CodeIgniter->runController(Object(App\Controllers\api\AdminController))
 4 SYSTEMPATH\CodeIgniter.php(354): CodeIgniter\CodeIgniter->handleRequest(null, Object(Config\Cache), false)
 5 SYSTEMPATH\Boot.php(334): CodeIgniter\CodeIgniter->run()
 6 SYSTEMPATH\Boot.php(67): CodeIgniter\Boot::runCodeIgniter(Object(CodeIgniter\CodeIgniter))
 7 FCPATH\index.php(59): CodeIgniter\Boot::bootWeb(Object(Config\Paths))
 8 SYSTEMPATH\rewrite.php(44): require_once('E:\\laragon\\www\\apici\\public\\index.php')
CRITICAL - 2025-07-27 16:54:27 --> ErrorException: Undefined property: CodeIgniter\HTTP\IncomingRequest::$user
[Method: GET, Route: api/admin/employees]
in APPPATH\Controllers\api\AdminController.php on line 16.
 1 APPPATH\Controllers\api\AdminController.php(16): CodeIgniter\Debug\Exceptions->errorHandler(2, 'Undefined property: CodeIgniter\\HTTP\\IncomingRequest::$user', 'E:\\laragon\\www\\apici\\app\\Controllers\\api\\AdminController.php', 16)
 2 SYSTEMPATH\CodeIgniter.php(933): App\Controllers\api\AdminController->getAllEmployees()
 3 SYSTEMPATH\CodeIgniter.php(507): CodeIgniter\CodeIgniter->runController(Object(App\Controllers\api\AdminController))
 4 SYSTEMPATH\CodeIgniter.php(354): CodeIgniter\CodeIgniter->handleRequest(null, Object(Config\Cache), false)
 5 SYSTEMPATH\Boot.php(334): CodeIgniter\CodeIgniter->run()
 6 SYSTEMPATH\Boot.php(67): CodeIgniter\Boot::runCodeIgniter(Object(CodeIgniter\CodeIgniter))
 7 FCPATH\index.php(59): CodeIgniter\Boot::bootWeb(Object(Config\Paths))
 8 SYSTEMPATH\rewrite.php(44): require_once('E:\\laragon\\www\\apici\\public\\index.php')
